<?xml version="1.0" encoding="UTF-8"?>
<!-- Generated by org.testng.reporters.JUnitReportReporter -->
<testsuite skipped="0" hostname="LAPTOP-ELF2JEE6" name="runner.TestRunner" tests="1" failures="0" timestamp="12 Feb 2020 18:07:56 GMT" time="13.918" errors="0">
  <testcase name="feature" time="13.918" classname="runner.TestRunner"/>
</testsuite> <!-- runner.TestRunner -->
